# JRE version: OpenJDK Runtime Environment (22.0.1+8) (build 22.0.1+8-16)
# Java VM: OpenJDK 64-Bit Server VM (22.0.1+8-16, mixed mode, emulated-client, sharing, tiered, compressed oops, compressed class ptrs, g1 gc, windows-amd64)
GC Precious Log:
 CardTable entry size: 512
 Card Set container configuration: InlinePtr #cards 5 size 8 Array Of Cards #cards 12 size 40 Howl #buckets 4 coarsen threshold 1843 Howl Bitmap #cards 512 size 80 coarsen threshold 460 Card regions per heap region 1 cards per card region 2048
 CPUs: 8 total, 8 available
 Memory: 3982M
 Large Page Support: Disabled
 NUMA Support: Disabled
 Compressed Oops: Enabled (32-bit)
 Heap Region Size: 1M
 Heap Min Capacity: 8M
 Heap Initial Capacity: 64M
 Heap Max Capacity: 996M
 Pre-touch: Disabled
 Parallel Workers: 8
 Concurrent Workers: 2
 Concurrent Refinement Workers: 8
 Periodic GC: Disabled
Heap:
 garbage-first heap   total reserved 1019904K, committed 61440K, used 36816K [0x00000000c1c00000, 0x0000000100000000)
  region size 1024K, 3 young (3072K), 2 survivors (2048K)
 Metaspace       used 69864K, committed 70656K, reserved 1114112K
  class space    used 10077K, committed 10432K, reserved 1048576K
GC Heap History (20 events):
Event: 12.417 GC heap before
{Heap before GC invocations=7 (full 0):
 garbage-first heap   total reserved 1019904K, committed 61440K, used 46560K [0x00000000c1c00000, 0x0000000100000000)
  region size 1024K, 27 young (27648K), 2 survivors (2048K)
 Metaspace       used 30176K, committed 30720K, reserved 1114112K
  class space    used 4112K, committed 4352K, reserved 1048576K
}
Event: 12.430 GC heap after
{Heap after GC invocations=8 (full 0):
 garbage-first heap   total reserved 1019904K, committed 61440K, used 24021K [0x00000000c1c00000, 0x0000000100000000)
  region size 1024K, 4 young (4096K), 4 survivors (4096K)
 Metaspace       used 30176K, committed 30720K, reserved 1114112K
  class space    used 4112K, committed 4352K, reserved 1048576K
}
Event: 30.886 GC heap before
{Heap before GC invocations=8 (full 0):
 garbage-first heap   total reserved 1019904K, committed 61440K, used 49621K [0x00000000c1c00000, 0x0000000100000000)
  region size 1024K, 29 young (29696K), 4 survivors (4096K)
 Metaspace       used 33932K, committed 34496K, reserved 1114112K
  class space    used 4696K, committed 4928K, reserved 1048576K
}
Event: 30.895 GC heap after
{Heap after GC invocations=9 (full 0):
 garbage-first heap   total reserved 1019904K, committed 61440K, used 26028K [0x00000000c1c00000, 0x0000000100000000)
  region size 1024K, 4 young (4096K), 4 survivors (4096K)
 Metaspace       used 33932K, committed 34496K, reserved 1114112K
  class space    used 4696K, committed 4928K, reserved 1048576K
}
Event: 36.378 GC heap before
{Heap before GC invocations=9 (full 0):
 garbage-first heap   total reserved 1019904K, committed 61440K, used 42412K [0x00000000c1c00000, 0x0000000100000000)
  region size 1024K, 21 young (21504K), 4 survivors (4096K)
 Metaspace       used 35600K, committed 36160K, reserved 1114112K
  class space    used 4921K, committed 5184K, reserved 1048576K
}
Event: 36.396 GC heap after
{Heap after GC invocations=10 (full 0):
 garbage-first heap   total reserved 1019904K, committed 61440K, used 27410K [0x00000000c1c00000, 0x0000000100000000)
  region size 1024K, 2 young (2048K), 2 survivors (2048K)
 Metaspace       used 35600K, committed 36160K, reserved 1114112K
  class space    used 4921K, committed 5184K, reserved 1048576K
}
Event: 38.674 GC heap before
{Heap before GC invocations=11 (full 0):
 garbage-first heap   total reserved 1019904K, committed 61440K, used 51986K [0x00000000c1c00000, 0x0000000100000000)
  region size 1024K, 26 young (26624K), 2 survivors (2048K)
 Metaspace       used 40818K, committed 41344K, reserved 1114112K
  class space    used 5728K, committed 5952K, reserved 1048576K
}
Event: 38.678 GC heap after
{Heap after GC invocations=12 (full 0):
 garbage-first heap   total reserved 1019904K, committed 61440K, used 28473K [0x00000000c1c00000, 0x0000000100000000)
  region size 1024K, 3 young (3072K), 3 survivors (3072K)
 Metaspace       used 40818K, committed 41344K, reserved 1114112K
  class space    used 5728K, committed 5952K, reserved 1048576K
}
Event: 43.459 GC heap before
{Heap before GC invocations=12 (full 0):
 garbage-first heap   total reserved 1019904K, committed 61440K, used 52025K [0x00000000c1c00000, 0x0000000100000000)
  region size 1024K, 27 young (27648K), 3 survivors (3072K)
 Metaspace       used 49579K, committed 50176K, reserved 1114112K
  class space    used 6883K, committed 7104K, reserved 1048576K
}
Event: 43.472 GC heap after
{Heap after GC invocations=13 (full 0):
 garbage-first heap   total reserved 1019904K, committed 61440K, used 30663K [0x00000000c1c00000, 0x0000000100000000)
  region size 1024K, 4 young (4096K), 4 survivors (4096K)
 Metaspace       used 49579K, committed 50176K, reserved 1114112K
  class space    used 6883K, committed 7104K, reserved 1048576K
}
Event: 46.997 GC heap before
{Heap before GC invocations=13 (full 0):
 garbage-first heap   total reserved 1019904K, committed 61440K, used 53191K [0x00000000c1c00000, 0x0000000100000000)
  region size 1024K, 27 young (27648K), 4 survivors (4096K)
 Metaspace       used 53983K, committed 54528K, reserved 1114112K
  class space    used 7515K, committed 7744K, reserved 1048576K
}
Event: 47.020 GC heap after
{Heap after GC invocations=14 (full 0):
 garbage-first heap   total reserved 1019904K, committed 61440K, used 32737K [0x00000000c1c00000, 0x0000000100000000)
  region size 1024K, 4 young (4096K), 4 survivors (4096K)
 Metaspace       used 53983K, committed 54528K, reserved 1114112K
  class space    used 7515K, committed 7744K, reserved 1048576K
}
Event: 50.730 GC heap before
{Heap before GC invocations=14 (full 0):
 garbage-first heap   total reserved 1019904K, committed 61440K, used 50145K [0x00000000c1c00000, 0x0000000100000000)
  region size 1024K, 23 young (23552K), 4 survivors (4096K)
 Metaspace       used 59845K, committed 60480K, reserved 1114112K
  class space    used 8474K, committed 8704K, reserved 1048576K
}
Event: 50.741 GC heap after
{Heap after GC invocations=15 (full 0):
 garbage-first heap   total reserved 1019904K, committed 61440K, used 33544K [0x00000000c1c00000, 0x0000000100000000)
  region size 1024K, 3 young (3072K), 3 survivors (3072K)
 Metaspace       used 59845K, committed 60480K, reserved 1114112K
  class space    used 8474K, committed 8704K, reserved 1048576K
}
Event: 51.741 GC heap before
{Heap before GC invocations=16 (full 0):
 garbage-first heap   total reserved 1019904K, committed 61440K, used 54024K [0x00000000c1c00000, 0x0000000100000000)
  region size 1024K, 23 young (23552K), 3 survivors (3072K)
 Metaspace       used 62589K, committed 63232K, reserved 1114112K
  class space    used 8950K, committed 9216K, reserved 1048576K
}
Event: 51.745 GC heap after
{Heap after GC invocations=17 (full 0):
 garbage-first heap   total reserved 1019904K, committed 61440K, used 33978K [0x00000000c1c00000, 0x0000000100000000)
  region size 1024K, 2 young (2048K), 2 survivors (2048K)
 Metaspace       used 62589K, committed 63232K, reserved 1114112K
  class space    used 8950K, committed 9216K, reserved 1048576K
}
Event: 55.061 GC heap before
{Heap before GC invocations=17 (full 0):
 garbage-first heap   total reserved 1019904K, committed 61440K, used 55482K [0x00000000c1c00000, 0x0000000100000000)
  region size 1024K, 23 young (23552K), 2 survivors (2048K)
 Metaspace       used 66697K, committed 67392K, reserved 1114112K
  class space    used 9505K, committed 9792K, reserved 1048576K
}
Event: 55.072 GC heap after
{Heap after GC invocations=18 (full 0):
 garbage-first heap   total reserved 1019904K, committed 61440K, used 34783K [0x00000000c1c00000, 0x0000000100000000)
  region size 1024K, 3 young (3072K), 3 survivors (3072K)
 Metaspace       used 66697K, committed 67392K, reserved 1114112K
  class space    used 9505K, committed 9792K, reserved 1048576K
}
Event: 57.257 GC heap before
{Heap before GC invocations=18 (full 0):
 garbage-first heap   total reserved 1019904K, committed 61440K, used 54239K [0x00000000c1c00000, 0x0000000100000000)
  region size 1024K, 23 young (23552K), 3 survivors (3072K)
 Metaspace       used 69711K, committed 70464K, reserved 1114112K
  class space    used 10039K, committed 10368K, reserved 1048576K
}
Event: 57.264 GC heap after
{Heap after GC invocations=19 (full 0):
 garbage-first heap   total reserved 1019904K, committed 61440K, used 36816K [0x00000000c1c00000, 0x0000000100000000)
  region size 1024K, 2 young (2048K), 2 survivors (2048K)
 Metaspace       used 69711K, committed 70464K, reserved 1114112K
  class space    used 10039K, committed 10368K, reserved 1048576K
}

